2012-05-26 20:05:45 Notice: Notice (8): Undefined variable: userPost in [/home1/findstep/public_html/devstring.com/textmate/app/Controller/UsersController.php, line 43]
Trace:
UsersController::publicProfile() - APP/Controller/UsersController.php, line 43
ReflectionMethod::invokeArgs() - [internal], line ??
Controller::invokeAction() - CORE/Cake/Controller/Controller.php, line 473
Dispatcher::_invoke() - CORE/Cake/Routing/Dispatcher.php, line 104
Dispatcher::dispatch() - CORE/Cake/Routing/Dispatcher.php, line 86
[main] - APP/webroot/index.php, line 96

2012-05-26 20:05:45 Notice: Notice (8): Undefined index:   in [/home1/findstep/public_html/devstring.com/textmate/app/View/Elements/Publics/PublicDatings.htm, line 13]
Trace:
include - APP/View/Elements/Publics/PublicDatings.htm, line 13
View::_render() - CORE/Cake/View/View.php, line 595
View::element() - CORE/Cake/View/View.php, line 317
include - APP/View/Users/public_profile.htm, line 74
View::_render() - CORE/Cake/View/View.php, line 595
View::render() - CORE/Cake/View/View.php, line 362
Controller::render() - CORE/Cake/Controller/Controller.php, line 900
UsersController::publicProfile() - APP/Controller/UsersController.php, line 44
ReflectionMethod::invokeArgs() - [internal], line ??
Controller::invokeAction() - CORE/Cake/Controller/Controller.php, line 473
Dispatcher::_invoke() - CORE/Cake/Routing/Dispatcher.php, line 104
Dispatcher::dispatch() - CORE/Cake/Routing/Dispatcher.php, line 86
[main] - APP/webroot/index.php, line 96

